<?xml version="1.0" encoding="UTF-8"?>
<!-- Generated by org.testng.reporters.JUnitReportReporter -->
<testsuite skipped="2" hostname="DESKTOP-IA0DLJF" name="test.java.com.pulse.Test.ValidLogin4" tests="2" failures="0" timestamp="28 Jun 2019 17:21:57 GMT" time="0.000" errors="0">
  <testcase name="TC7" time="0.000" classname="test.java.com.pulse.Test.ValidLogin4">
    <skipped/>
  </testcase> <!-- TC7 -->
  <testcase name="TC8" time="0.000" classname="test.java.com.pulse.Test.ValidLogin4">
    <skipped/>
  </testcase> <!-- TC8 -->
</testsuite> <!-- test.java.com.pulse.Test.ValidLogin4 -->
