<?xml version="1.0" encoding="UTF-8"?>
<!-- Generated by org.testng.reporters.JUnitReportReporter -->
<testsuite skipped="0" hostname="DESKTOP-IA0DLJF" name="test.java.com.pulse.Test.ValidLogin4" tests="2" failures="0" timestamp="30 Jun 2019 14:27:25 GMT" time="173.724" errors="0">
  <testcase name="TC8" time="28.689" classname="test.java.com.pulse.Test.ValidLogin4"/>
  <testcase name="TC7" time="145.035" classname="test.java.com.pulse.Test.ValidLogin4"/>
</testsuite> <!-- test.java.com.pulse.Test.ValidLogin4 -->
