<?xml version="1.0" encoding="UTF-8"?>
<!-- Generated by org.testng.reporters.JUnitReportReporter -->
<testsuite skipped="2" hostname="DESKTOP-IA0DLJF" name="test.java.com.pulse.Test.ValidLogin2" tests="2" failures="0" timestamp="28 Jun 2019 17:21:57 GMT" time="0.000" errors="0">
  <testcase name="TC4" time="0.000" classname="test.java.com.pulse.Test.ValidLogin2">
    <skipped/>
  </testcase> <!-- TC4 -->
  <testcase name="TC3" time="0.000" classname="test.java.com.pulse.Test.ValidLogin2">
    <skipped/>
  </testcase> <!-- TC3 -->
</testsuite> <!-- test.java.com.pulse.Test.ValidLogin2 -->
