<?xml version="1.0" encoding="UTF-8"?>
<!-- Generated by org.testng.reporters.JUnitReportReporter -->
<testsuite hostname="HJ70R72" name="com.pulse.Test.AddParticipant" tests="1" failures="0" timestamp="18 Apr 2018 01:31:57 GMT" time="0.000" errors="1">
  <testcase name="addparticipant" time="0.000" classname="com.pulse.Test.AddParticipant">
    <error type="org.openqa.selenium.WebDriverException" message="Failed to connect to binary FirefoxBinary(C:\Program Files\Mozilla Firefox\firefox.exe) on port 7055; process output follows: 
DEBUG	Write succeeded
1524015076619	DeferredSave.addons.json	DEBUG	Starting write
1524015076631	DeferredSave.addons.json	DEBUG	Write succeeded
1524015076707	addons.xpi	INFO	Mapping fxdriver@googlecode.com to C:\Users\ssrivastava4\AppData\Local\Temp\anonymous2609304674257935957webdriver-profile\extensions\fxdriver@googlecode.com
1524015076707	addons.xpi	DEBUG	Ignoring file entry whose name is not a valid add-on ID: C:\Users\ssrivastava4\AppData\Local\Temp\anonymous2609304674257935957webdriver-profile\extensions\webdriver-staging
1524015076708	addons.xpi	DEBUG	Existing add-on fxdriver@googlecode.com in app-profile
1524015076709	addons.xpi	INFO	Mapping activity-stream@mozilla.org to C:\Program Files\Mozilla Firefox\browser\features\activity-stream@mozilla.org.xpi
1524015076709	addons.xpi	INFO	Mapping aushelper@mozilla.org to C:\Program Files\Mozilla Firefox\browser\features\aushelper@mozilla.org.xpi
1524015076709	addons.xpi	INFO	Mapping e10srollout@mozilla.org to C:\Program Files\Mozilla Firefox\browser\features\e10srollout@mozilla.org.xpi
1524015076709	addons.xpi	INFO	Mapping firefox@getpocket.com to C:\Program Files\Mozilla Firefox\browser\features\firefox@getpocket.com.xpi
1524015076709	addons.xpi	INFO	Mapping followonsearch@mozilla.com to C:\Program Files\Mozilla Firefox\browser\features\followonsearch@mozilla.com.xpi
1524015076709	addons.xpi	INFO	Mapping formautofill@mozilla.org to C:\Program Files\Mozilla Firefox\browser\features\formautofill@mozilla.org.xpi
1524015076709	addons.xpi	INFO	Mapping onboarding@mozilla.org to C:\Program Files\Mozilla Firefox\browser\features\onboarding@mozilla.org.xpi
1524015076709	addons.xpi	INFO	Mapping screenshots@mozilla.org to C:\Program Files\Mozilla Firefox\browser\features\screenshots@mozilla.org.xpi
1524015076710	addons.xpi	INFO	Mapping shield-recipe-client@mozilla.org to C:\Program Files\Mozilla Firefox\browser\features\shield-recipe-client@mozilla.org.xpi
1524015076710	addons.xpi	INFO	Mapping webcompat@mozilla.org to C:\Program Files\Mozilla Firefox\browser\features\webcompat@mozilla.org.xpi
1524015076711	addons.xpi	DEBUG	Existing add-on activity-stream@mozilla.org in app-system-defaults
1524015076711	addons.xpi	DEBUG	Existing add-on aushelper@mozilla.org in app-system-defaults
1524015076712	addons.xpi	DEBUG	Existing add-on e10srollout@mozilla.org in app-system-defaults
1524015076713	addons.xpi	DEBUG	Existing add-on firefox@getpocket.com in app-system-defaults
1524015076714	addons.xpi	DEBUG	Existing add-on followonsearch@mozilla.com in app-system-defaults
1524015076715	addons.xpi	DEBUG	Existing add-on formautofill@mozilla.org in app-system-defaults
1524015076716	addons.xpi	DEBUG	Existing add-on onboarding@mozilla.org in app-system-defaults
1524015076717	addons.xpi	DEBUG	Existing add-on screenshots@mozilla.org in app-system-defaults
1524015076717	addons.xpi	DEBUG	Existing add-on shield-recipe-client@mozilla.org in app-system-defaults
1524015076718	addons.xpi	DEBUG	Existing add-on webcompat@mozilla.org in app-system-defaults
1524015076720	addons.xpi	DEBUG	Existing add-on ocplugin@webex.com in winreg-app-user
1524015076721	addons.xpi	INFO	Mapping {972ce4c6-7e08-4474-a285-3208198ce6fd} to C:\Program Files\Mozilla Firefox\browser\extensions\{972ce4c6-7e08-4474-a285-3208198ce6fd}.xpi
1524015076722	addons.xpi	DEBUG	Existing add-on {972ce4c6-7e08-4474-a285-3208198ce6fd} in app-global
1524015076722	addons.xpi	DEBUG	getInstallState changed: false, state: {}
Unable to read VR Path Registry from C:\Users\ssrivastava4\AppData\Local\openvr\openvrpaths.vrpath
[Parent 10192, Gecko_IOThread] WARNING: pipe error: 109: file z:/build/build/src/ipc/chromium/src/chrome/common/ipc_channel_win.cc, line 346
Unable to read VR Path Registry from C:\Users\ssrivastava4\AppData\Local\openvr\openvrpaths.vrpath
[Child 1280, Chrome_ChildThread] WARNING: pipe error: 109: file z:/build/build/src/ipc/chromium/src/chrome/common/ipc_channel_win.cc, line 346
1524015081240	DeferredSave.webext.sc.lz4	DEBUG	Starting write
1524015081254	DeferredSave.webext.sc.lz4	DEBUG	Write succeeded

Build info: version: &#039;2.53.1&#039;, revision: &#039;a36b8b1&#039;, time: &#039;2016-06-30 17:32:46&#039;
System info: host: &#039;HJ70R72&#039;, ip: &#039;10.6.32.30&#039;, os.name: &#039;Windows 8.1&#039;, os.arch: &#039;amd64&#039;, os.version: &#039;6.3&#039;, java.version: &#039;1.8.0_131&#039;
Driver info: driver.version: FirefoxDriver">
      <![CDATA[org.openqa.selenium.WebDriverException: Failed to connect to binary FirefoxBinary(C:\Program Files\Mozilla Firefox\firefox.exe) on port 7055; process output follows: 
DEBUG	Write succeeded
1524015076619	DeferredSave.addons.json	DEBUG	Starting write
1524015076631	DeferredSave.addons.json	DEBUG	Write succeeded
1524015076707	addons.xpi	INFO	Mapping fxdriver@googlecode.com to C:\Users\ssrivastava4\AppData\Local\Temp\anonymous2609304674257935957webdriver-profile\extensions\fxdriver@googlecode.com
1524015076707	addons.xpi	DEBUG	Ignoring file entry whose name is not a valid add-on ID: C:\Users\ssrivastava4\AppData\Local\Temp\anonymous2609304674257935957webdriver-profile\extensions\webdriver-staging
1524015076708	addons.xpi	DEBUG	Existing add-on fxdriver@googlecode.com in app-profile
1524015076709	addons.xpi	INFO	Mapping activity-stream@mozilla.org to C:\Program Files\Mozilla Firefox\browser\features\activity-stream@mozilla.org.xpi
1524015076709	addons.xpi	INFO	Mapping aushelper@mozilla.org to C:\Program Files\Mozilla Firefox\browser\features\aushelper@mozilla.org.xpi
1524015076709	addons.xpi	INFO	Mapping e10srollout@mozilla.org to C:\Program Files\Mozilla Firefox\browser\features\e10srollout@mozilla.org.xpi
1524015076709	addons.xpi	INFO	Mapping firefox@getpocket.com to C:\Program Files\Mozilla Firefox\browser\features\firefox@getpocket.com.xpi
1524015076709	addons.xpi	INFO	Mapping followonsearch@mozilla.com to C:\Program Files\Mozilla Firefox\browser\features\followonsearch@mozilla.com.xpi
1524015076709	addons.xpi	INFO	Mapping formautofill@mozilla.org to C:\Program Files\Mozilla Firefox\browser\features\formautofill@mozilla.org.xpi
1524015076709	addons.xpi	INFO	Mapping onboarding@mozilla.org to C:\Program Files\Mozilla Firefox\browser\features\onboarding@mozilla.org.xpi
1524015076709	addons.xpi	INFO	Mapping screenshots@mozilla.org to C:\Program Files\Mozilla Firefox\browser\features\screenshots@mozilla.org.xpi
1524015076710	addons.xpi	INFO	Mapping shield-recipe-client@mozilla.org to C:\Program Files\Mozilla Firefox\browser\features\shield-recipe-client@mozilla.org.xpi
1524015076710	addons.xpi	INFO	Mapping webcompat@mozilla.org to C:\Program Files\Mozilla Firefox\browser\features\webcompat@mozilla.org.xpi
1524015076711	addons.xpi	DEBUG	Existing add-on activity-stream@mozilla.org in app-system-defaults
1524015076711	addons.xpi	DEBUG	Existing add-on aushelper@mozilla.org in app-system-defaults
1524015076712	addons.xpi	DEBUG	Existing add-on e10srollout@mozilla.org in app-system-defaults
1524015076713	addons.xpi	DEBUG	Existing add-on firefox@getpocket.com in app-system-defaults
1524015076714	addons.xpi	DEBUG	Existing add-on followonsearch@mozilla.com in app-system-defaults
1524015076715	addons.xpi	DEBUG	Existing add-on formautofill@mozilla.org in app-system-defaults
1524015076716	addons.xpi	DEBUG	Existing add-on onboarding@mozilla.org in app-system-defaults
1524015076717	addons.xpi	DEBUG	Existing add-on screenshots@mozilla.org in app-system-defaults
1524015076717	addons.xpi	DEBUG	Existing add-on shield-recipe-client@mozilla.org in app-system-defaults
1524015076718	addons.xpi	DEBUG	Existing add-on webcompat@mozilla.org in app-system-defaults
1524015076720	addons.xpi	DEBUG	Existing add-on ocplugin@webex.com in winreg-app-user
1524015076721	addons.xpi	INFO	Mapping {972ce4c6-7e08-4474-a285-3208198ce6fd} to C:\Program Files\Mozilla Firefox\browser\extensions\{972ce4c6-7e08-4474-a285-3208198ce6fd}.xpi
1524015076722	addons.xpi	DEBUG	Existing add-on {972ce4c6-7e08-4474-a285-3208198ce6fd} in app-global
1524015076722	addons.xpi	DEBUG	getInstallState changed: false, state: {}
Unable to read VR Path Registry from C:\Users\ssrivastava4\AppData\Local\openvr\openvrpaths.vrpath
[Parent 10192, Gecko_IOThread] WARNING: pipe error: 109: file z:/build/build/src/ipc/chromium/src/chrome/common/ipc_channel_win.cc, line 346
Unable to read VR Path Registry from C:\Users\ssrivastava4\AppData\Local\openvr\openvrpaths.vrpath
[Child 1280, Chrome_ChildThread] WARNING: pipe error: 109: file z:/build/build/src/ipc/chromium/src/chrome/common/ipc_channel_win.cc, line 346
1524015081240	DeferredSave.webext.sc.lz4	DEBUG	Starting write
1524015081254	DeferredSave.webext.sc.lz4	DEBUG	Write succeeded

Build info: version: '2.53.1', revision: 'a36b8b1', time: '2016-06-30 17:32:46'
System info: host: 'HJ70R72', ip: '10.6.32.30', os.name: 'Windows 8.1', os.arch: 'amd64', os.version: '6.3', java.version: '1.8.0_131'
Driver info: driver.version: FirefoxDriver
	at org.openqa.selenium.firefox.internal.NewProfileExtensionConnection.start(NewProfileExtensionConnection.java:124)
	at org.openqa.selenium.firefox.FirefoxDriver.startClient(FirefoxDriver.java:271)
	at org.openqa.selenium.remote.RemoteWebDriver.<init>(RemoteWebDriver.java:119)
	at org.openqa.selenium.firefox.FirefoxDriver.<init>(FirefoxDriver.java:218)
	at org.openqa.selenium.firefox.FirefoxDriver.<init>(FirefoxDriver.java:211)
	at org.openqa.selenium.firefox.FirefoxDriver.<init>(FirefoxDriver.java:129)
	at generic.BaseTest.preCondition(BaseTest.java:393)
	at sun.reflect.NativeMethodAccessorImpl.invoke0(Native Method)
	at sun.reflect.NativeMethodAccessorImpl.invoke(Unknown Source)
	at sun.reflect.DelegatingMethodAccessorImpl.invoke(Unknown Source)
	at java.lang.reflect.Method.invoke(Unknown Source)
	at org.testng.internal.MethodInvocationHelper.invokeMethod(MethodInvocationHelper.java:85)
	at org.testng.internal.Invoker.invokeConfigurationMethod(Invoker.java:510)
	at org.testng.internal.Invoker.invokeConfigurations(Invoker.java:211)
	at org.testng.internal.Invoker.invokeMethod(Invoker.java:585)
	at org.testng.internal.Invoker.invokeTestMethod(Invoker.java:816)
	at org.testng.internal.Invoker.invokeTestMethods(Invoker.java:1124)
	at org.testng.internal.TestMethodWorker.invokeTestMethods(TestMethodWorker.java:125)
	at org.testng.internal.TestMethodWorker.run(TestMethodWorker.java:108)
	at org.testng.TestRunner.privateRun(TestRunner.java:774)
	at org.testng.TestRunner.run(TestRunner.java:624)
	at org.testng.SuiteRunner.runTest(SuiteRunner.java:359)
	at org.testng.SuiteRunner.runSequentially(SuiteRunner.java:354)
	at org.testng.SuiteRunner.privateRun(SuiteRunner.java:312)
	at org.testng.SuiteRunner.run(SuiteRunner.java:261)
	at org.testng.SuiteRunnerWorker.runSuite(SuiteRunnerWorker.java:52)
	at org.testng.SuiteRunnerWorker.run(SuiteRunnerWorker.java:86)
	at org.testng.TestNG.runSuitesSequentially(TestNG.java:1215)
	at org.testng.TestNG.runSuitesLocally(TestNG.java:1140)
	at org.testng.TestNG.run(TestNG.java:1048)
	at org.testng.remote.AbstractRemoteTestNG.run(AbstractRemoteTestNG.java:114)
	at org.testng.remote.RemoteTestNG.initAndRun(RemoteTestNG.java:251)
	at org.testng.remote.RemoteTestNG.main(RemoteTestNG.java:77)
Caused by: org.openqa.selenium.firefox.NotConnectedException: Unable to connect to host 127.0.0.1 on port 7055 after 45000 ms. Firefox console output:
DEBUG	Write succeeded
1524015076619	DeferredSave.addons.json	DEBUG	Starting write
1524015076631	DeferredSave.addons.json	DEBUG	Write succeeded
1524015076707	addons.xpi	INFO	Mapping fxdriver@googlecode.com to C:\Users\ssrivastava4\AppData\Local\Temp\anonymous2609304674257935957webdriver-profile\extensions\fxdriver@googlecode.com
1524015076707	addons.xpi	DEBUG	Ignoring file entry whose name is not a valid add-on ID: C:\Users\ssrivastava4\AppData\Local\Temp\anonymous2609304674257935957webdriver-profile\extensions\webdriver-staging
1524015076708	addons.xpi	DEBUG	Existing add-on fxdriver@googlecode.com in app-profile
1524015076709	addons.xpi	INFO	Mapping activity-stream@mozilla.org to C:\Program Files\Mozilla Firefox\browser\features\activity-stream@mozilla.org.xpi
1524015076709	addons.xpi	INFO	Mapping aushelper@mozilla.org to C:\Program Files\Mozilla Firefox\browser\features\aushelper@mozilla.org.xpi
1524015076709	addons.xpi	INFO	Mapping e10srollout@mozilla.org to C:\Program Files\Mozilla Firefox\browser\features\e10srollout@mozilla.org.xpi
1524015076709	addons.xpi	INFO	Mapping firefox@getpocket.com to C:\Program Files\Mozilla Firefox\browser\features\firefox@getpocket.com.xpi
1524015076709	addons.xpi	INFO	Mapping followonsearch@mozilla.com to C:\Program Files\Mozilla Firefox\browser\features\followonsearch@mozilla.com.xpi
1524015076709	addons.xpi	INFO	Mapping formautofill@mozilla.org to C:\Program Files\Mozilla Firefox\browser\features\formautofill@mozilla.org.xpi
1524015076709	addons.xpi	INFO	Mapping onboarding@mozilla.org to C:\Program Files\Mozilla Firefox\browser\features\onboarding@mozilla.org.xpi
1524015076709	addons.xpi	INFO	Mapping screenshots@mozilla.org to C:\Program Files\Mozilla Firefox\browser\features\screenshots@mozilla.org.xpi
1524015076710	addons.xpi	INFO	Mapping shield-recipe-client@mozilla.org to C:\Program Files\Mozilla Firefox\browser\features\shield-recipe-client@mozilla.org.xpi
1524015076710	addons.xpi	INFO	Mapping webcompat@mozilla.org to C:\Program Files\Mozilla Firefox\browser\features\webcompat@mozilla.org.xpi
1524015076711	addons.xpi	DEBUG	Existing add-on activity-stream@mozilla.org in app-system-defaults
1524015076711	addons.xpi	DEBUG	Existing add-on aushelper@mozilla.org in app-system-defaults
1524015076712	addons.xpi	DEBUG	Existing add-on e10srollout@mozilla.org in app-system-defaults
1524015076713	addons.xpi	DEBUG	Existing add-on firefox@getpocket.com in app-system-defaults
1524015076714	addons.xpi	DEBUG	Existing add-on followonsearch@mozilla.com in app-system-defaults
1524015076715	addons.xpi	DEBUG	Existing add-on formautofill@mozilla.org in app-system-defaults
1524015076716	addons.xpi	DEBUG	Existing add-on onboarding@mozilla.org in app-system-defaults
1524015076717	addons.xpi	DEBUG	Existing add-on screenshots@mozilla.org in app-system-defaults
1524015076717	addons.xpi	DEBUG	Existing add-on shield-recipe-client@mozilla.org in app-system-defaults
1524015076718	addons.xpi	DEBUG	Existing add-on webcompat@mozilla.org in app-system-defaults
1524015076720	addons.xpi	DEBUG	Existing add-on ocplugin@webex.com in winreg-app-user
1524015076721	addons.xpi	INFO	Mapping {972ce4c6-7e08-4474-a285-3208198ce6fd} to C:\Program Files\Mozilla Firefox\browser\extensions\{972ce4c6-7e08-4474-a285-3208198ce6fd}.xpi
1524015076722	addons.xpi	DEBUG	Existing add-on {972ce4c6-7e08-4474-a285-3208198ce6fd} in app-global
1524015076722	addons.xpi	DEBUG	getInstallState changed: false, state: {}
Unable to read VR Path Registry from C:\Users\ssrivastava4\AppData\Local\openvr\openvrpaths.vrpath
[Parent 10192, Gecko_IOThread] WARNING: pipe error: 109: file z:/build/build/src/ipc/chromium/src/chrome/common/ipc_channel_win.cc, line 346
Unable to read VR Path Registry from C:\Users\ssrivastava4\AppData\Local\openvr\openvrpaths.vrpath
[Child 1280, Chrome_ChildThread] WARNING: pipe error: 109: file z:/build/build/src/ipc/chromium/src/chrome/common/ipc_channel_win.cc, line 346
1524015081240	DeferredSave.webext.sc.lz4	DEBUG	Starting write
1524015081254	DeferredSave.webext.sc.lz4	DEBUG	Write succeeded

	at org.openqa.selenium.firefox.internal.NewProfileExtensionConnection.start(NewProfileExtensionConnection.java:112)
	... 32 more
]]>
    </error>
  </testcase> <!-- addparticipant -->
</testsuite> <!-- com.pulse.Test.AddParticipant -->
