<?xml version="1.0" encoding="UTF-8"?>
<!-- Generated by org.testng.reporters.JUnitReportReporter -->
<testsuite skipped="0" hostname="DESKTOP-IA0DLJF" name="test.java.com.pulse.Test.ValidLogin3" tests="2" failures="0" timestamp="30 Jun 2019 14:27:25 GMT" time="338.981" errors="0">
  <testcase name="TC6" time="132.685" classname="test.java.com.pulse.Test.ValidLogin3"/>
  <testcase name="TC5" time="206.296" classname="test.java.com.pulse.Test.ValidLogin3"/>
</testsuite> <!-- test.java.com.pulse.Test.ValidLogin3 -->
