<?xml version="1.0" encoding="UTF-8"?>
<!-- Generated by org.testng.reporters.JUnitReportReporter -->
<testsuite skipped="2" hostname="DESKTOP-IA0DLJF" name="test.java.com.pulse.Test.ValidLogin1" tests="2" failures="0" timestamp="28 Jun 2019 17:21:57 GMT" time="0.000" errors="0">
  <testcase name="TC2" time="0.000" classname="test.java.com.pulse.Test.ValidLogin1">
    <skipped/>
  </testcase> <!-- TC2 -->
  <testcase name="TC1" time="0.000" classname="test.java.com.pulse.Test.ValidLogin1">
    <skipped/>
  </testcase> <!-- TC1 -->
</testsuite> <!-- test.java.com.pulse.Test.ValidLogin1 -->
