<?xml version="1.0" encoding="UTF-8"?>
<!-- Generated by org.testng.reporters.JUnitReportReporter -->
<testsuite skipped="0" hostname="DESKTOP-IA0DLJF" name="test.java.com.pulse.Test.ValidLogin2" tests="2" failures="0" timestamp="30 Jun 2019 14:27:24 GMT" time="170.984" errors="0">
  <testcase name="TC3" time="85.244" classname="test.java.com.pulse.Test.ValidLogin2"/>
  <testcase name="TC4" time="85.740" classname="test.java.com.pulse.Test.ValidLogin2"/>
</testsuite> <!-- test.java.com.pulse.Test.ValidLogin2 -->
