<?xml version="1.0" encoding="UTF-8"?>
<!-- Generated by org.testng.reporters.JUnitReportReporter -->
<testsuite hostname="DESKTOP-IA0DLJF" name="com.pulse.Test.ValidLogin4" tests="2" failures="0" timestamp="5 May 2019 09:35:31 GMT" time="147.784" errors="0">
  <testcase name="TC7" time="29.701" classname="com.pulse.Test.ValidLogin4"/>
  <testcase name="TC8" time="118.083" classname="com.pulse.Test.ValidLogin4"/>
</testsuite> <!-- com.pulse.Test.ValidLogin4 -->
