<?xml version="1.0" encoding="UTF-8"?>
<!-- Generated by org.testng.reporters.JUnitReportReporter -->
<testsuite skipped="1" hostname="HJ70R72" name="com.pulse.Test.InvalidLogin" tests="1" failures="0" timestamp="28 Aug 2018 09:01:04 GMT" time="0.000" errors="0">
  <testcase name="testInvalidLogin" time="0.000" classname="com.pulse.Test.InvalidLogin">
    <skipped/>
  </testcase> <!-- testInvalidLogin -->
</testsuite> <!-- com.pulse.Test.InvalidLogin -->
