<?xml version="1.0" encoding="UTF-8"?>
<!-- Generated by org.testng.reporters.JUnitReportReporter -->
<testsuite hostname="HJ70R72" name="com.pulse.Test.Demographicscolorverification" tests="1" failures="0" timestamp="22 Apr 2018 08:52:20 GMT" time="229.178" errors="0">
  <testcase name="testcolor" time="229.178" classname="com.pulse.Test.Demographicscolorverification"/>
</testsuite> <!-- com.pulse.Test.Demographicscolorverification -->
