<?xml version="1.0" encoding="UTF-8"?>
<!-- Generated by org.testng.reporters.JUnitReportReporter -->
<testsuite hostname="DESKTOP-IA0DLJF" name="com.pulse.Test.ValidLogin3" tests="2" failures="0" timestamp="5 May 2019 09:35:31 GMT" time="162.331" errors="0">
  <testcase name="TC5" time="45.176" classname="com.pulse.Test.ValidLogin3"/>
  <testcase name="TC6" time="117.155" classname="com.pulse.Test.ValidLogin3"/>
</testsuite> <!-- com.pulse.Test.ValidLogin3 -->
