<?xml version="1.0" encoding="UTF-8"?>
<!-- Generated by org.testng.reporters.JUnitReportReporter -->
<testsuite hostname="DESKTOP-IA0DLJF" name="com.pulse.Test.ValidLogin2" tests="2" failures="0" timestamp="5 May 2019 09:35:31 GMT" time="157.545" errors="0">
  <testcase name="TC4" time="95.507" classname="com.pulse.Test.ValidLogin2"/>
  <testcase name="TC3" time="62.038" classname="com.pulse.Test.ValidLogin2"/>
</testsuite> <!-- com.pulse.Test.ValidLogin2 -->
